1532652317058	geckodriver	INFO	geckodriver 0.19.1
1532652317064	geckodriver	INFO	Listening on 127.0.0.1:57422
1532652320112	mozrunner::runner	INFO	Running command: "C:\\Program Files (x86)\\Mozilla Firefox\\firefox.exe" "-marionette" "-profile" "C:\\Users\\Zeus\\AppData\\Local\\Temp\\rust_mozprofile.4EPSlztrYNnq"
1532652320281	addons.xpi	WARN	Error parsing extensions state: [Exception... "Component returned failure code: 0x80520012 (NS_ERROR_FILE_NOT_FOUND) [amIAddonManagerStartup.readStartupData]"  nsresult: "0x80520012 (NS_ERROR_FILE_NOT_FOUND)"  location: "JS frame :: resource://gre/modules/addons/XPIProvider.jsm :: loadExtensionState :: line 1554"  data: no] Stack trace: loadExtensionState()@resource://gre/modules/addons/XPIProvider.jsm:1554 < getInstallState()@resource://gre/modules/addons/XPIProvider.jsm:1589 < checkForChanges()@resource://gre/modules/addons/XPIProvider.jsm:3109 < startup()@resource://gre/modules/addons/XPIProvider.jsm:2188 < callProvider()@resource://gre/modules/AddonManager.jsm:269 < _startProvider()@resource://gre/modules/AddonManager.jsm:739 < startup()@resource://gre/modules/AddonManager.jsm:906 < startup()@resource://gre/modules/AddonManager.jsm:3090 < observe()@jar:file:///C:/Program%20Files%20(x86)/Mozilla%20Firefox/omni.ja!/components/addonManager.js:65
1532652320625	Marionette	INFO	Enabled via --marionette
[Child 11812] WARNING: pipe error: 109: file z:/build/build/src/ipc/chromium/src/chrome/common/ipc_channel_win.cc, line 346
[Child 11812] WARNING: pipe error: 109: f1532652322811	Marionette	INFO	Listening on port 57434
1532652323230	Marionette	WARN	TLS certificate errors will be ignored for this session
1532652323280	Marionette	DEBUG	Register listener.js for window 4294967297
1532652323306	Marionette	DEBUG	Received DOM event "beforeunload" for "about:blank"
1532652324011	Marionette	DEBUG	Received DOM event "pagehide" for "about:blank"
1532652324011	Marionette	DEBUG	Received DOM event "unload" for "about:blank"
1532652324932	Marionette	DEBUG	Received DOM event "DOMContentLoaded" for "https://www.facebook.com/"
1532652326124	Marionette	DEBUG	Received DOM event "pageshow" for "https://www.facebook.com/"
1532652326162	Marionette	INFO	New connections will no longer be accepted
rent 9440] WARNING: pipe error: 109: file z:/build/build/src/ipc/chromium/src/chrome/common/ipc_channel_win.cc, line 346
[Child 3032] WARNING: pipe error: 232: file z:/build/build/src/ipc/chromium/src/chrome/common/ipc_channel_win.cc, line 513
 null
JavaScript error: https://fbsbx.com/captcha/recaptcha/iframe/?referer=https%3A%2F%2Fwww.facebook.com, line 1: TypeError: i is null
[Child 8636] WARNING: pipe error: 109: file z:/build/build/src/ipc/chromium/src/chrome/common/ipc_channel_win.cc, line 346
[Child 8636] WARNING: pipe [Child 8560] WARNING: pipe error: 109: file z:/build/build/src/ipc/chromium/src/chrome/common/ipc_channel_win.cc, line 346
[Child 8560] WARNING: pipe error: 10
###!!! [Child][MessageChannel::SendAndWait] Error: Channel error: cannot send/recv

